0 info it worked if it ends with ok
1 verbose cli [ '/usr/local/bin/node',
1 verbose cli   '/usr/local/bin/npm',
1 verbose cli   'build',
1 verbose cli   'android' ]
2 info using npm@2.15.8
3 info using node@v4.4.7
4 info build /Users/user/Documents/NooraHealth/training-app/android
5 verbose stack Error: ENOENT: no such file or directory, open '/Users/user/Documents/NooraHealth/training-app/android/package.json'
5 verbose stack     at Error (native)
6 verbose cwd /Users/user/Documents/NooraHealth/training-app
7 error Darwin 16.0.0
8 error argv "/usr/local/bin/node" "/usr/local/bin/npm" "build" "android"
9 error node v4.4.7
10 error npm  v2.15.8
11 error path /Users/user/Documents/NooraHealth/training-app/android/package.json
12 error code ENOENT
13 error errno -2
14 error syscall open
15 error enoent ENOENT: no such file or directory, open '/Users/user/Documents/NooraHealth/training-app/android/package.json'
15 error enoent This is most likely not a problem with npm itself
15 error enoent and is related to npm not being able to find a file.
16 verbose exit [ -2, true ]
